<?xml version="1.0" encoding="UTF-8"?>
<testng-results skipped="0" failed="0" total="1" passed="1">
  <reporter-output>
  </reporter-output>
  <suite name="Default suite" duration-ms="16920" started-at="2019-12-08T05:41:09Z" finished-at="2019-12-08T05:41:26Z">
    <groups>
    </groups>
    <test name="Default test" duration-ms="16920" started-at="2019-12-08T05:41:09Z" finished-at="2019-12-08T05:41:26Z">
      <class name="com.demo.test.loginTest">
        <test-method status="PASS" signature="initilize()[pri:0, instance:com.demo.test.loginTest@28f67ac7]" name="initilize" is-config="true" duration-ms="5470" started-at="2019-12-08T11:11:09Z" finished-at="2019-12-08T11:11:14Z">
          <reporter-output>
          </reporter-output>
        </test-method> <!-- initilize -->
        <test-method status="PASS" signature="login()[pri:0, instance:com.demo.test.loginTest@28f67ac7]" name="login" duration-ms="11433" started-at="2019-12-08T11:11:14Z" finished-at="2019-12-08T11:11:26Z">
          <reporter-output>
          </reporter-output>
        </test-method> <!-- login -->
      </class> <!-- com.demo.test.loginTest -->
    </test> <!-- Default test -->
  </suite> <!-- Default suite -->
</testng-results>
